[0m17:58:30.219405 [debug] [MainThread]: Sending event: {'category': 'dbt', 'action': 'invocation', 'label': 'start', 'context': [<snowplow_tracker.self_describing_json.SelfDescribingJson object at 0x0000014E3AEE8AD0>, <snowplow_tracker.self_describing_json.SelfDescribingJson object at 0x0000014E3B33F320>, <snowplow_tracker.self_describing_json.SelfDescribingJson object at 0x0000014E3AC1F440>]}


============================== 17:58:30.238515 | 19dbcf91-a16d-46ec-b191-d9f3a71253bc ==============================
[0m17:58:30.238515 [info ] [MainThread]: Running with dbt=1.11.2
[0m17:58:30.243277 [debug] [MainThread]: running dbt with arguments {'static_parser': 'True', 'no_print': 'None', 'version_check': 'True', 'warn_error_options': 'WarnErrorOptionsV2(error=[], warn=[], silence=[])', 'target_path': 'None', 'printer_width': '80', 'write_json': 'True', 'empty': 'None', 'log_cache_events': 'False', 'introspect': 'True', 'cache_selected_only': 'False', 'fail_fast': 'False', 'debug': 'False', 'log_format': 'default', 'partial_parse': 'True', 'send_anonymous_usage_stats': 'True', 'quiet': 'False', 'warn_error': 'None', 'profiles_dir': 'C:\\Users\\ssqua\\.dbt', 'invocation_command': 'dbt init', 'use_colors': 'True', 'indirect_selection': 'eager', 'use_experimental_parser': 'False', 'log_path': 'logs'}
[0m17:58:30.274184 [info ] [MainThread]: Creating dbt configuration folder at C:\Users\ssqua\.dbt
[0m17:59:42.129991 [debug] [MainThread]: Starter project path: C:\snowflake-dbt-aws\.venv\Lib\site-packages\dbt\include\starter_project
[0m17:59:42.207101 [info ] [MainThread]: 
Your new dbt project "snowflake_dbt_aws_project" was created!

For more information on how to configure the profiles.yml file,
please consult the dbt documentation here:

  https://docs.getdbt.com/docs/configure-your-profile

One more thing:

Need help? Don't hesitate to reach out to us via GitHub issues or on Slack:

  https://community.getdbt.com/

Happy modeling!

[0m17:59:42.207101 [info ] [MainThread]: Setting up your profile.
[0m17:59:57.461054 [debug] [MainThread]: Snowflake adapter: Setting snowflake.connector to ERROR (file logging only)
[0m17:59:57.461054 [debug] [MainThread]: Snowflake adapter: Setting botocore to ERROR (file logging only)
[0m17:59:57.461054 [debug] [MainThread]: Snowflake adapter: Setting boto3 to ERROR (file logging only)
[0m18:10:45.757950 [info ] [MainThread]: Profile snowflake_dbt_aws_project written to C:\Users\ssqua\.dbt\profiles.yml using target's profile_template.yml and your supplied values. Run 'dbt debug' to validate the connection.
[0m18:10:45.757950 [debug] [MainThread]: Command `dbt init` succeeded at 18:10:45.757950 after 735.69 seconds
[0m18:10:45.766997 [debug] [MainThread]: Sending event: {'category': 'dbt', 'action': 'invocation', 'label': 'end', 'context': [<snowplow_tracker.self_describing_json.SelfDescribingJson object at 0x0000014E38533380>, <snowplow_tracker.self_describing_json.SelfDescribingJson object at 0x0000014E3CA52480>, <snowplow_tracker.self_describing_json.SelfDescribingJson object at 0x0000014E3CE14470>]}
[0m18:10:45.767897 [debug] [MainThread]: Flushing usage events
[0m18:10:47.343853 [debug] [MainThread]: An error was encountered while trying to flush usage events
[0m18:15:00.279855 [debug] [MainThread]: Sending event: {'category': 'dbt', 'action': 'invocation', 'label': 'start', 'context': [<snowplow_tracker.self_describing_json.SelfDescribingJson object at 0x00000134E8C2E600>, <snowplow_tracker.self_describing_json.SelfDescribingJson object at 0x00000134EB48A360>, <snowplow_tracker.self_describing_json.SelfDescribingJson object at 0x00000134EADA75F0>]}


============================== 18:15:00.282831 | f476a94b-1eeb-467e-b64e-bb4f9a431191 ==============================
[0m18:15:00.282831 [info ] [MainThread]: Running with dbt=1.11.2
[0m18:15:00.282831 [debug] [MainThread]: running dbt with arguments {'version_check': 'True', 'no_print': 'None', 'static_parser': 'True', 'target_path': 'None', 'warn_error_options': 'WarnErrorOptionsV2(error=[], warn=[], silence=[])', 'printer_width': '80', 'write_json': 'True', 'introspect': 'True', 'log_cache_events': 'False', 'empty': 'None', 'cache_selected_only': 'False', 'log_format': 'default', 'debug': 'False', 'fail_fast': 'False', 'partial_parse': 'True', 'send_anonymous_usage_stats': 'True', 'quiet': 'False', 'warn_error': 'None', 'profiles_dir': 'C:\\Users\\ssqua\\.dbt', 'indirect_selection': 'eager', 'use_colors': 'True', 'invocation_command': 'dbt debug', 'use_experimental_parser': 'False', 'log_path': 'logs'}
[0m18:15:00.305417 [info ] [MainThread]: dbt version: 1.11.2
[0m18:15:00.305417 [info ] [MainThread]: python version: 3.12.6
[0m18:15:00.305417 [info ] [MainThread]: python path: C:\snowflake-dbt-aws\.venv\Scripts\python.exe
[0m18:15:00.305417 [info ] [MainThread]: os info: Windows-11-10.0.26200-SP0
[0m18:15:00.597091 [debug] [MainThread]: Snowflake adapter: Setting snowflake.connector to ERROR (file logging only)
[0m18:15:00.597091 [debug] [MainThread]: Snowflake adapter: Setting botocore to ERROR (file logging only)
[0m18:15:00.597091 [debug] [MainThread]: Snowflake adapter: Setting boto3 to ERROR (file logging only)
[0m18:15:00.654810 [info ] [MainThread]: Using profiles dir at C:\Users\ssqua\.dbt
[0m18:15:00.655378 [info ] [MainThread]: Using profiles.yml file at C:\Users\ssqua\.dbt\profiles.yml
[0m18:15:00.655378 [info ] [MainThread]: Using dbt_project.yml file at C:\snowflake-dbt-aws\dbt_project.yml
[0m18:15:00.657414 [info ] [MainThread]: adapter type: snowflake
[0m18:15:00.657414 [info ] [MainThread]: adapter version: 1.11.0
[0m18:15:00.657414 [info ] [MainThread]: Configuration:
[0m18:15:00.657414 [info ] [MainThread]:   profiles.yml file [[32mOK found and valid[0m]
[0m18:15:00.657414 [info ] [MainThread]:   dbt_project.yml file [[31mERROR not found[0m]
[0m18:15:00.657414 [info ] [MainThread]: Required dependencies:
[0m18:15:00.660547 [debug] [MainThread]: Executing "git --help"
[0m18:15:00.699619 [debug] [MainThread]: STDOUT: "b"usage: git [-v | --version] [-h | --help] [-C <path>] [-c <name>=<value>]\n           [--exec-path[=<path>]] [--html-path] [--man-path] [--info-path]\n           [-p | --paginate | -P | --no-pager] [--no-replace-objects] [--bare]\n           [--git-dir=<path>] [--work-tree=<path>] [--namespace=<name>]\n           [--super-prefix=<path>] [--config-env=<name>=<envvar>]\n           <command> [<args>]\n\nThese are common Git commands used in various situations:\n\nstart a working area (see also: git help tutorial)\n   clone     Clone a repository into a new directory\n   init      Create an empty Git repository or reinitialize an existing one\n\nwork on the current change (see also: git help everyday)\n   add       Add file contents to the index\n   mv        Move or rename a file, a directory, or a symlink\n   restore   Restore working tree files\n   rm        Remove files from the working tree and from the index\n\nexamine the history and state (see also: git help revisions)\n   bisect    Use binary search to find the commit that introduced a bug\n   diff      Show changes between commits, commit and working tree, etc\n   grep      Print lines matching a pattern\n   log       Show commit logs\n   show      Show various types of objects\n   status    Show the working tree status\n\ngrow, mark and tweak your common history\n   branch    List, create, or delete branches\n   commit    Record changes to the repository\n   merge     Join two or more development histories together\n   rebase    Reapply commits on top of another base tip\n   reset     Reset current HEAD to the specified state\n   switch    Switch branches\n   tag       Create, list, delete or verify a tag object signed with GPG\n\ncollaborate (see also: git help workflows)\n   fetch     Download objects and refs from another repository\n   pull      Fetch from and integrate with another repository or a local branch\n   push      Update remote refs along with associated objects\n\n'git help -a' and 'git help -g' list available subcommands and some\nconcept guides. See 'git help <command>' or 'git help <concept>'\nto read about a specific subcommand or concept.\nSee 'git help git' for an overview of the system.\n""
[0m18:15:00.700625 [debug] [MainThread]: STDERR: "b''"
[0m18:15:00.700625 [info ] [MainThread]:  - git [[32mOK found[0m]

[0m18:15:00.701662 [info ] [MainThread]: Connection:
[0m18:15:00.701662 [info ] [MainThread]:   account: RDYHMIF-WYC13113
[0m18:15:00.702570 [info ] [MainThread]:   user: SANCHI293
[0m18:15:00.702570 [info ] [MainThread]:   database: AIRBNB
[0m18:15:00.702570 [info ] [MainThread]:   warehouse: COMPUTE_WH
[0m18:15:00.702570 [info ] [MainThread]:   role: ACCOUNTADMIN
[0m18:15:00.703597 [info ] [MainThread]:   schema: dbt_schema
[0m18:15:00.703597 [info ] [MainThread]:   authenticator: None
[0m18:15:00.703597 [info ] [MainThread]:   oauth_client_id: None
[0m18:15:00.703597 [info ] [MainThread]:   query_tag: None
[0m18:15:00.704603 [info ] [MainThread]:   client_session_keep_alive: False
[0m18:15:00.704603 [info ] [MainThread]:   host: None
[0m18:15:00.704603 [info ] [MainThread]:   port: None
[0m18:15:00.704603 [info ] [MainThread]:   proxy_host: None
[0m18:15:00.704603 [info ] [MainThread]:   proxy_port: None
[0m18:15:00.705602 [info ] [MainThread]:   protocol: None
[0m18:15:00.705602 [info ] [MainThread]:   connect_retries: 1
[0m18:15:00.705602 [info ] [MainThread]:   connect_timeout: None
[0m18:15:00.705602 [info ] [MainThread]:   retry_on_database_errors: False
[0m18:15:00.706601 [info ] [MainThread]:   retry_all: False
[0m18:15:00.706601 [info ] [MainThread]:   insecure_mode: False
[0m18:15:00.706601 [info ] [MainThread]:   reuse_connections: True
[0m18:15:00.706601 [info ] [MainThread]:   s3_stage_vpce_dns_name: None
[0m18:15:00.707601 [info ] [MainThread]:   platform_detection_timeout_seconds: 0.0
[0m18:15:00.707601 [info ] [MainThread]: Registered adapter: snowflake=1.11.0
[0m18:15:00.885415 [debug] [MainThread]: Acquiring new snowflake connection 'debug'
[0m18:15:06.210168 [debug] [MainThread]: Using snowflake connection "debug"
[0m18:15:06.210168 [debug] [MainThread]: On debug: select 1 as id
[0m18:15:06.210168 [debug] [MainThread]: Opening a new connection, currently in state init
[0m18:15:09.320049 [debug] [MainThread]: SQL status: SUCCESS 1 in 3.110 seconds
[0m18:15:09.320049 [info ] [MainThread]:   Connection test: [[32mOK connection ok[0m]

[0m18:15:09.320049 [info ] [MainThread]: [31m1 check failed:[0m
[0m18:15:09.320049 [info ] [MainThread]: Project loading failed for the following reason:
 project path <C:\snowflake-dbt-aws\dbt_project.yml> not found

[0m18:15:09.331168 [debug] [MainThread]: Command `dbt debug` failed at 18:15:09.320049 after 9.20 seconds
[0m18:15:09.331168 [debug] [MainThread]: Connection 'debug' was left open.
[0m18:15:09.331168 [debug] [MainThread]: On debug: Close
[0m18:15:09.593486 [debug] [MainThread]: Sending event: {'category': 'dbt', 'action': 'invocation', 'label': 'end', 'context': [<snowplow_tracker.self_describing_json.SelfDescribingJson object at 0x00000134EB6D7020>, <snowplow_tracker.self_describing_json.SelfDescribingJson object at 0x00000134ECED58E0>, <snowplow_tracker.self_describing_json.SelfDescribingJson object at 0x00000134EE1DDB50>]}
[0m18:15:09.593486 [debug] [MainThread]: Flushing usage events
[0m18:15:10.382116 [debug] [MainThread]: An error was encountered while trying to flush usage events
[0m20:29:54.688581 [debug] [MainThread]: Sending event: {'category': 'dbt', 'action': 'invocation', 'label': 'start', 'context': [<snowplow_tracker.self_describing_json.SelfDescribingJson object at 0x000001BDA7D15010>, <snowplow_tracker.self_describing_json.SelfDescribingJson object at 0x000001BDA711E5A0>, <snowplow_tracker.self_describing_json.SelfDescribingJson object at 0x000001BDA7AB7FB0>]}


============================== 20:29:54.699038 | d4d97cc4-34bf-47c6-bcaf-1915c61763fa ==============================
[0m20:29:54.699038 [info ] [MainThread]: Running with dbt=1.11.2
[0m20:29:54.699038 [debug] [MainThread]: running dbt with arguments {'static_parser': 'True', 'no_print': 'None', 'version_check': 'True', 'warn_error_options': 'WarnErrorOptionsV2(error=[], warn=[], silence=[])', 'target_path': 'None', 'printer_width': '80', 'write_json': 'True', 'empty': 'False', 'log_cache_events': 'False', 'introspect': 'True', 'cache_selected_only': 'False', 'fail_fast': 'False', 'debug': 'False', 'log_format': 'default', 'partial_parse': 'True', 'send_anonymous_usage_stats': 'True', 'quiet': 'False', 'warn_error': 'None', 'profiles_dir': 'C:\\Users\\ssqua\\.dbt', 'indirect_selection': 'eager', 'use_colors': 'True', 'invocation_command': 'dbt run', 'use_experimental_parser': 'False', 'log_path': 'logs'}
[0m20:29:54.699038 [error] [MainThread]: Encountered an error:
Runtime Error
  No dbt_project.yml found at expected path C:\snowflake-dbt-aws\dbt_project.yml
  Verify that each entry within packages.yml (and their transitive dependencies) contains a file named dbt_project.yml
  
[0m20:29:54.699038 [debug] [MainThread]: Command `dbt run` failed at 20:29:54.699038 after 0.16 seconds
[0m20:29:54.699038 [debug] [MainThread]: Sending event: {'category': 'dbt', 'action': 'invocation', 'label': 'end', 'context': [<snowplow_tracker.self_describing_json.SelfDescribingJson object at 0x000001BDA7D15010>, <snowplow_tracker.self_describing_json.SelfDescribingJson object at 0x000001BDA7C23B60>, <snowplow_tracker.self_describing_json.SelfDescribingJson object at 0x000001BDA7C20740>]}
[0m20:29:54.699038 [debug] [MainThread]: Flushing usage events
[0m20:29:55.439358 [debug] [MainThread]: An error was encountered while trying to flush usage events
[0m19:45:52.251082 [debug] [MainThread]: Sending event: {'category': 'dbt', 'action': 'invocation', 'label': 'start', 'context': [<snowplow_tracker.self_describing_json.SelfDescribingJson object at 0x000001AD9C493FE0>, <snowplow_tracker.self_describing_json.SelfDescribingJson object at 0x000001AD9EB655E0>, <snowplow_tracker.self_describing_json.SelfDescribingJson object at 0x000001AD9E714BF0>]}


============================== 19:45:52.267506 | 7742d8d4-7a98-4071-ac6a-00a8b561eeda ==============================
[0m19:45:52.267506 [info ] [MainThread]: Running with dbt=1.11.2
[0m19:45:52.267506 [debug] [MainThread]: running dbt with arguments {'static_parser': 'True', 'no_print': 'None', 'version_check': 'True', 'target_path': 'None', 'warn_error_options': 'WarnErrorOptionsV2(error=[], warn=[], silence=[])', 'printer_width': '80', 'write_json': 'True', 'empty': 'False', 'log_cache_events': 'False', 'introspect': 'True', 'cache_selected_only': 'False', 'log_format': 'default', 'debug': 'False', 'fail_fast': 'False', 'profiles_dir': 'C:\\Users\\ssqua\\.dbt', 'send_anonymous_usage_stats': 'True', 'quiet': 'False', 'warn_error': 'None', 'partial_parse': 'True', 'use_colors': 'True', 'indirect_selection': 'eager', 'invocation_command': 'dbt compile', 'use_experimental_parser': 'False', 'log_path': 'logs'}
[0m19:45:52.267506 [error] [MainThread]: Encountered an error:
Runtime Error
  No dbt_project.yml found at expected path C:\snowflake-dbt-aws\dbt_project.yml
  Verify that each entry within packages.yml (and their transitive dependencies) contains a file named dbt_project.yml
  
[0m19:45:52.267506 [debug] [MainThread]: Command `dbt compile` failed at 19:45:52.267506 after 0.25 seconds
[0m19:45:52.267506 [debug] [MainThread]: Sending event: {'category': 'dbt', 'action': 'invocation', 'label': 'end', 'context': [<snowplow_tracker.self_describing_json.SelfDescribingJson object at 0x000001AD9C493FE0>, <snowplow_tracker.self_describing_json.SelfDescribingJson object at 0x000001AD9E1C5220>, <snowplow_tracker.self_describing_json.SelfDescribingJson object at 0x000001AD9E0D1C70>]}
[0m19:45:52.267506 [debug] [MainThread]: Flushing usage events
[0m19:45:53.142182 [debug] [MainThread]: An error was encountered while trying to flush usage events
[0m19:50:10.281052 [debug] [MainThread]: Sending event: {'category': 'dbt', 'action': 'invocation', 'label': 'start', 'context': [<snowplow_tracker.self_describing_json.SelfDescribingJson object at 0x000002A953DC5D30>, <snowplow_tracker.self_describing_json.SelfDescribingJson object at 0x000002A956958200>, <snowplow_tracker.self_describing_json.SelfDescribingJson object at 0x000002A95695BA40>]}


============================== 19:50:10.281052 | 28998c1b-f154-4e32-a884-cc83c029a0c2 ==============================
[0m19:50:10.281052 [info ] [MainThread]: Running with dbt=1.11.2
[0m19:50:10.281052 [debug] [MainThread]: running dbt with arguments {'version_check': 'True', 'no_print': 'None', 'static_parser': 'True', 'target_path': 'None', 'warn_error_options': 'WarnErrorOptionsV2(error=[], warn=[], silence=[])', 'printer_width': '80', 'write_json': 'True', 'empty': 'False', 'log_cache_events': 'False', 'introspect': 'True', 'cache_selected_only': 'False', 'log_format': 'default', 'debug': 'False', 'fail_fast': 'False', 'profiles_dir': 'C:\\Users\\ssqua\\.dbt', 'send_anonymous_usage_stats': 'True', 'quiet': 'False', 'warn_error': 'None', 'partial_parse': 'True', 'invocation_command': 'dbt compile', 'indirect_selection': 'eager', 'use_colors': 'True', 'use_experimental_parser': 'False', 'log_path': 'logs'}
[0m19:50:10.281052 [error] [MainThread]: Encountered an error:
Runtime Error
  No dbt_project.yml found at expected path C:\snowflake-dbt-aws\dbt_project.yml
  Verify that each entry within packages.yml (and their transitive dependencies) contains a file named dbt_project.yml
  
[0m19:50:10.281052 [debug] [MainThread]: Command `dbt compile` failed at 19:50:10.281052 after 0.18 seconds
[0m19:50:10.281052 [debug] [MainThread]: Sending event: {'category': 'dbt', 'action': 'invocation', 'label': 'end', 'context': [<snowplow_tracker.self_describing_json.SelfDescribingJson object at 0x000002A9570BD700>, <snowplow_tracker.self_describing_json.SelfDescribingJson object at 0x000002A953DC5D30>, <snowplow_tracker.self_describing_json.SelfDescribingJson object at 0x000002A9567A5D30>]}
[0m19:50:10.281052 [debug] [MainThread]: Flushing usage events
[0m19:50:12.230877 [debug] [MainThread]: An error was encountered while trying to flush usage events
[0m19:51:22.633150 [debug] [MainThread]: Sending event: {'category': 'dbt', 'action': 'invocation', 'label': 'start', 'context': [<snowplow_tracker.self_describing_json.SelfDescribingJson object at 0x0000028008579400>, <snowplow_tracker.self_describing_json.SelfDescribingJson object at 0x0000028008FE82C0>, <snowplow_tracker.self_describing_json.SelfDescribingJson object at 0x00000280062BCDA0>]}


============================== 19:51:22.648890 | 3dee2957-9931-42ef-a699-92dca19966dd ==============================
[0m19:51:22.648890 [info ] [MainThread]: Running with dbt=1.11.2
[0m19:51:22.648890 [debug] [MainThread]: running dbt with arguments {'version_check': 'True', 'no_print': 'None', 'static_parser': 'True', 'warn_error_options': 'WarnErrorOptionsV2(error=[], warn=[], silence=[])', 'target_path': 'None', 'printer_width': '80', 'write_json': 'True', 'empty': 'None', 'log_cache_events': 'False', 'introspect': 'True', 'cache_selected_only': 'False', 'fail_fast': 'False', 'debug': 'False', 'log_format': 'default', 'profiles_dir': 'C:\\Users\\ssqua\\.dbt', 'send_anonymous_usage_stats': 'True', 'quiet': 'False', 'warn_error': 'None', 'partial_parse': 'True', 'use_colors': 'True', 'invocation_command': 'dbt clean', 'indirect_selection': 'eager', 'use_experimental_parser': 'False', 'log_path': 'logs'}
[0m19:51:22.648890 [error] [MainThread]: Encountered an error:
Runtime Error
  No dbt_project.yml found at expected path C:\snowflake-dbt-aws\dbt_project.yml
  Verify that each entry within packages.yml (and their transitive dependencies) contains a file named dbt_project.yml
  
[0m19:51:22.648890 [debug] [MainThread]: Command `dbt clean` failed at 19:51:22.648890 after 0.18 seconds
[0m19:51:22.648890 [debug] [MainThread]: Sending event: {'category': 'dbt', 'action': 'invocation', 'label': 'end', 'context': [<snowplow_tracker.self_describing_json.SelfDescribingJson object at 0x0000028009044740>, <snowplow_tracker.self_describing_json.SelfDescribingJson object at 0x00000280091789B0>, <snowplow_tracker.self_describing_json.SelfDescribingJson object at 0x0000028009237EC0>]}
[0m19:51:22.648890 [debug] [MainThread]: Flushing usage events
[0m19:51:23.588658 [debug] [MainThread]: An error was encountered while trying to flush usage events
[0m19:51:34.750142 [debug] [MainThread]: Sending event: {'category': 'dbt', 'action': 'invocation', 'label': 'start', 'context': [<snowplow_tracker.self_describing_json.SelfDescribingJson object at 0x0000018FCB9100E0>, <snowplow_tracker.self_describing_json.SelfDescribingJson object at 0x0000018FD11CC500>, <snowplow_tracker.self_describing_json.SelfDescribingJson object at 0x0000018FD11CCEC0>]}


============================== 19:51:34.775824 | 993e3b89-81bc-432d-9d23-a0b0c02e609d ==============================
[0m19:51:34.775824 [info ] [MainThread]: Running with dbt=1.11.2
[0m19:51:34.775824 [debug] [MainThread]: running dbt with arguments {'version_check': 'True', 'no_print': 'None', 'static_parser': 'True', 'target_path': 'None', 'warn_error_options': 'WarnErrorOptionsV2(error=[], warn=[], silence=[])', 'printer_width': '80', 'write_json': 'True', 'empty': 'False', 'log_cache_events': 'False', 'introspect': 'True', 'cache_selected_only': 'False', 'log_format': 'default', 'debug': 'False', 'fail_fast': 'False', 'partial_parse': 'True', 'send_anonymous_usage_stats': 'True', 'quiet': 'False', 'warn_error': 'None', 'profiles_dir': 'C:\\Users\\ssqua\\.dbt', 'indirect_selection': 'eager', 'use_colors': 'True', 'invocation_command': 'dbt compile', 'use_experimental_parser': 'False', 'log_path': 'logs'}
[0m19:51:34.775824 [error] [MainThread]: Encountered an error:
Runtime Error
  No dbt_project.yml found at expected path C:\snowflake-dbt-aws\dbt_project.yml
  Verify that each entry within packages.yml (and their transitive dependencies) contains a file named dbt_project.yml
  
[0m19:51:34.775824 [debug] [MainThread]: Command `dbt compile` failed at 19:51:34.775824 after 0.18 seconds
[0m19:51:34.775824 [debug] [MainThread]: Sending event: {'category': 'dbt', 'action': 'invocation', 'label': 'end', 'context': [<snowplow_tracker.self_describing_json.SelfDescribingJson object at 0x0000018FCEC651C0>, <snowplow_tracker.self_describing_json.SelfDescribingJson object at 0x0000018FD1686900>, <snowplow_tracker.self_describing_json.SelfDescribingJson object at 0x0000018FCB9100E0>]}
[0m19:51:34.779827 [debug] [MainThread]: Flushing usage events
[0m19:51:35.705714 [debug] [MainThread]: An error was encountered while trying to flush usage events
[0m19:52:48.757021 [debug] [MainThread]: Sending event: {'category': 'dbt', 'action': 'invocation', 'label': 'start', 'context': [<snowplow_tracker.self_describing_json.SelfDescribingJson object at 0x000002AF0BD993D0>, <snowplow_tracker.self_describing_json.SelfDescribingJson object at 0x000002AF0BD99AF0>, <snowplow_tracker.self_describing_json.SelfDescribingJson object at 0x000002AF0BD99A30>]}


============================== 19:52:48.769406 | 041fb9af-fb36-4fb9-b586-3e9f409dd75c ==============================
[0m19:52:48.769406 [info ] [MainThread]: Running with dbt=1.11.2
[0m19:52:48.769406 [debug] [MainThread]: running dbt with arguments {'version_check': 'True', 'no_print': 'None', 'static_parser': 'True', 'warn_error_options': 'WarnErrorOptionsV2(error=[], warn=[], silence=[])', 'target_path': 'None', 'printer_width': '80', 'write_json': 'True', 'empty': 'False', 'log_cache_events': 'False', 'introspect': 'True', 'cache_selected_only': 'False', 'log_format': 'default', 'debug': 'False', 'fail_fast': 'False', 'partial_parse': 'True', 'send_anonymous_usage_stats': 'True', 'quiet': 'False', 'warn_error': 'None', 'profiles_dir': 'C:\\Users\\ssqua\\.dbt', 'indirect_selection': 'eager', 'invocation_command': 'dbt compile', 'use_colors': 'True', 'use_experimental_parser': 'False', 'log_path': 'logs'}
[0m19:52:48.769406 [error] [MainThread]: Encountered an error:
Runtime Error
  No dbt_project.yml found at expected path C:\snowflake-dbt-aws\dbt_project.yml
  Verify that each entry within packages.yml (and their transitive dependencies) contains a file named dbt_project.yml
  
[0m19:52:48.769406 [debug] [MainThread]: Command `dbt compile` failed at 19:52:48.769406 after 0.18 seconds
[0m19:52:48.769406 [debug] [MainThread]: Sending event: {'category': 'dbt', 'action': 'invocation', 'label': 'end', 'context': [<snowplow_tracker.self_describing_json.SelfDescribingJson object at 0x000002AF0B752090>, <snowplow_tracker.self_describing_json.SelfDescribingJson object at 0x000002AF0BB37FB0>, <snowplow_tracker.self_describing_json.SelfDescribingJson object at 0x000002AF0BBA68D0>]}
[0m19:52:48.782985 [debug] [MainThread]: Flushing usage events
[0m19:52:50.623972 [debug] [MainThread]: An error was encountered while trying to flush usage events
[0m19:53:02.605456 [debug] [MainThread]: Sending event: {'category': 'dbt', 'action': 'invocation', 'label': 'start', 'context': [<snowplow_tracker.self_describing_json.SelfDescribingJson object at 0x000002AEE0F88770>, <snowplow_tracker.self_describing_json.SelfDescribingJson object at 0x000002AEE0E461B0>, <snowplow_tracker.self_describing_json.SelfDescribingJson object at 0x000002AEE11ADAC0>]}


============================== 19:53:02.617966 | 09a9a0d8-6450-4f5e-8b56-7cb1a0bc64c7 ==============================
[0m19:53:02.617966 [info ] [MainThread]: Running with dbt=1.11.2
[0m19:53:02.619982 [debug] [MainThread]: running dbt with arguments {'version_check': 'True', 'no_print': 'None', 'static_parser': 'True', 'target_path': 'None', 'warn_error_options': 'WarnErrorOptionsV2(error=[], warn=[], silence=[])', 'printer_width': '80', 'write_json': 'True', 'empty': 'False', 'log_cache_events': 'False', 'introspect': 'True', 'cache_selected_only': 'False', 'fail_fast': 'False', 'debug': 'False', 'log_format': 'default', 'profiles_dir': 'C:\\Users\\ssqua\\.dbt', 'send_anonymous_usage_stats': 'True', 'quiet': 'False', 'warn_error': 'None', 'partial_parse': 'True', 'indirect_selection': 'eager', 'invocation_command': 'dbt compile', 'use_colors': 'True', 'use_experimental_parser': 'False', 'log_path': 'logs'}
[0m19:53:02.619982 [error] [MainThread]: Encountered an error:
Runtime Error
  No dbt_project.yml found at expected path C:\snowflake-dbt-aws\dbt_project.yml
  Verify that each entry within packages.yml (and their transitive dependencies) contains a file named dbt_project.yml
  
[0m19:53:02.621489 [debug] [MainThread]: Command `dbt compile` failed at 19:53:02.621489 after 0.19 seconds
[0m19:53:02.621489 [debug] [MainThread]: Sending event: {'category': 'dbt', 'action': 'invocation', 'label': 'end', 'context': [<snowplow_tracker.self_describing_json.SelfDescribingJson object at 0x000002AEE28879B0>, <snowplow_tracker.self_describing_json.SelfDescribingJson object at 0x000002AEE14CB5C0>, <snowplow_tracker.self_describing_json.SelfDescribingJson object at 0x000002AEE0D97FB0>]}
[0m19:53:02.621489 [debug] [MainThread]: Flushing usage events
[0m19:53:04.566100 [debug] [MainThread]: An error was encountered while trying to flush usage events
